<?xml version="1.0" encoding="UTF-8"?>
<!-- Generated by org.testng.reporters.JUnitReportReporter -->
<testsuite hostname="DESKTOP-20JTM33" failures="0" tests="10" name="api.tests.DataDrivenTests" time="4.094" errors="0" timestamp="2024-02-13T15:21:45 EST" skipped="0">
  <testcase classname="api.tests.DataDrivenTests" name="testPostUser" time="1.961"/>
  <system-out/>
  <testcase classname="api.tests.DataDrivenTests" name="testPostUser" time="0.366"/>
  <system-out/>
  <testcase classname="api.tests.DataDrivenTests" name="testPostUser" time="0.173"/>
  <system-out/>
  <testcase classname="api.tests.DataDrivenTests" name="testPostUser" time="0.211"/>
  <system-out/>
  <testcase classname="api.tests.DataDrivenTests" name="testPostUser" time="0.220"/>
  <system-out/>
  <testcase classname="api.tests.DataDrivenTests" name="testDeleteUserByUserName" time="0.248"/>
  <system-out/>
  <testcase classname="api.tests.DataDrivenTests" name="testDeleteUserByUserName" time="0.231"/>
  <system-out/>
  <testcase classname="api.tests.DataDrivenTests" name="testDeleteUserByUserName" time="0.191"/>
  <system-out/>
  <testcase classname="api.tests.DataDrivenTests" name="testDeleteUserByUserName" time="0.205"/>
  <system-out/>
  <testcase classname="api.tests.DataDrivenTests" name="testDeleteUserByUserName" time="0.288"/>
  <system-out/>
</testsuite> <!-- api.tests.DataDrivenTests -->
