<?xml version="1.0" encoding="UTF-8"?>
<!-- Generated by org.testng.reporters.JUnitReportReporter -->
<testsuite hostname="DESKTOP-20JTM33" failures="0" tests="4" name="api.tests.UserTests" time="2.642" errors="0" timestamp="2024-02-13T17:19:29 EST" skipped="0">
  <testcase classname="api.tests.UserTests" name="testPostUser" time="1.794"/>
  <system-out/>
  <testcase classname="api.tests.UserTests" name="testGetUserByName" time="0.260"/>
  <system-out/>
  <testcase classname="api.tests.UserTests" name="testUpdateUserByName" time="0.322"/>
  <system-out/>
  <testcase classname="api.tests.UserTests" name="testDeleteUserbyUserName" time="0.266"/>
  <system-out/>
</testsuite> <!-- api.tests.UserTests -->
