<?xml version="1.0" encoding="UTF-8"?>
<!-- Generated by org.testng.reporters.JUnitReportReporter -->
<testsuite hostname="DESKTOP-20JTM33" failures="0" tests="4" name="api.tests.UserTestsUsingPropertyFile" time="2.579" errors="0" timestamp="2024-02-13T17:26:06 EST" skipped="0">
  <testcase classname="api.tests.UserTestsUsingPropertyFile" name="testPostUser" time="1.871"/>
  <system-out/>
  <testcase classname="api.tests.UserTestsUsingPropertyFile" name="testGetUserByName" time="0.181"/>
  <system-out/>
  <testcase classname="api.tests.UserTestsUsingPropertyFile" name="testUpdateUserByName" time="0.325"/>
  <system-out/>
  <testcase classname="api.tests.UserTestsUsingPropertyFile" name="testDeleteUserbyUserName" time="0.202"/>
  <system-out/>
</testsuite> <!-- api.tests.UserTestsUsingPropertyFile -->
