<?xml version="1.0" encoding="UTF-8"?>
<!-- Generated by org.testng.reporters.JUnitReportReporter -->
<testsuite hostname="DESKTOP-20JTM33" failures="0" tests="4" name="api.tests.UserTestsUsingPropertyFile" time="5.770" errors="0" timestamp="2024-02-14T06:52:36 EST" skipped="0">
  <testcase classname="api.tests.UserTestsUsingPropertyFile" name="testPostUser" time="4.722"/>
  <testcase classname="api.tests.UserTestsUsingPropertyFile" name="testGetUserByName" time="0.220"/>
  <testcase classname="api.tests.UserTestsUsingPropertyFile" name="testUpdateUserByName" time="0.470"/>
  <testcase classname="api.tests.UserTestsUsingPropertyFile" name="testDeleteUserbyUserName" time="0.358"/>
</testsuite> <!-- api.tests.UserTestsUsingPropertyFile -->
